Using pre-set license
Built from '2020.3/release' branch; Version is '2020.3.2f1 (8fd9074bf66c) revision 9427207'; Using compiler version '192528614'; Build Type 'Release'
OS: 'Windows 10 Pro; OS build 19042.867; Version 2009; 64bit' Language: 'ru' Physical Memory: 8056 MB
BatchMode: 1, IsHumanControllingUs: 0, StartBugReporterOnCrash: 0, Is64bit: 1, IsPro: 0

 COMMAND LINE ARGUMENTS:
C:\Program Files\Unity\2020.3.2f1\Editor\Unity.exe
-adb2
-batchMode
-noUpm
-name
AssetImportWorker0
-projectPath
D:/Repos/Werewolf
-logFile
Logs/AssetImportWorker0.log
-srvPort
49772
Successfully changed project path to: D:/Repos/Werewolf
D:/Repos/Werewolf
Using Asset Import Pipeline V2.
Refreshing native plugins compatible for Editor in 157.08 ms, found 1 plugins.
Preloading 0 native plugins for Editor in 0.00 ms.
Initialize engine version: 2020.3.2f1 (8fd9074bf66c)
[Subsystems] Discovering subsystems at path C:/Program Files/Unity/2020.3.2f1/Editor/Data/Resources/UnitySubsystems
[Subsystems] Discovering subsystems at path D:/Repos/Werewolf/Assets
GfxDevice: creating device client; threaded=0
Direct3D:
    Version:  Direct3D 11.0 [level 11.0]
    Renderer: NVIDIA GeForce GTX 950M (ID=0x139a)
    Vendor:   
    VRAM:     2010 MB
    Driver:   27.21.14.6589
Initialize mono
Mono path[0] = 'C:/Program Files/Unity/2020.3.2f1/Editor/Data/Managed'
Mono path[1] = 'C:/Program Files/Unity/2020.3.2f1/Editor/Data/MonoBleedingEdge/lib/mono/unityjit'
Mono config path = 'C:/Program Files/Unity/2020.3.2f1/Editor/Data/MonoBleedingEdge/etc'
Using monoOptions --debugger-agent=transport=dt_socket,embedding=1,server=y,suspend=n,address=127.0.0.1:56880
Begin MonoManager ReloadAssembly
Registering precompiled unity dll's ...
Register platform support module: C:/Program Files/Unity/2020.3.2f1/Editor/Data/PlaybackEngines/WindowsStandaloneSupport/UnityEditor.WindowsStandalone.Extensions.dll
Registered in 0.001883 seconds.
Native extension for WindowsStandalone target not found
Refreshing native plugins compatible for Editor in 153.55 ms, found 1 plugins.
Preloading 0 native plugins for Editor in 0.00 ms.
Invoked RoslynAnalysisRunner static constructor.
RoslynAnalysisRunner will not be running.
RoslynAnalysisRunner has terminated.
Mono: successfully reloaded assembly
- Completed reload, in  2.044 seconds
Platform modules already initialized, skipping
Registering precompiled user dll's ...
Registered in 0.003054 seconds.
Begin MonoManager ReloadAssembly
Native extension for WindowsStandalone target not found
Refreshing native plugins compatible for Editor in 0.98 ms, found 1 plugins.
Preloading 0 native plugins for Editor in 0.00 ms.
Invoked RoslynAnalysisRunner static constructor.
RoslynAnalysisRunner will not be running.
RoslynAnalysisRunner has terminated.
Mono: successfully reloaded assembly
- Completed reload, in  1.398 seconds
Platform modules already initialized, skipping
========================================================================
Worker process is ready to serve import requests
Launched and connected shader compiler UnityShaderCompiler.exe after 0.07 seconds
Refreshing native plugins compatible for Editor in 1.76 ms, found 1 plugins.
Preloading 0 native plugins for Editor in 0.00 ms.
Unloading 2759 Unused Serialized files (Serialized files now loaded: 0)
System memory in use before: 110.4 MB.
System memory in use after: 107.8 MB.

Unloading 28 unused Assets to reduce memory usage. Loaded Objects now: 3191.
Total: 5.840200 ms (FindLiveObjects: 0.460200 ms CreateObjectMapping: 0.228800 ms MarkObjects: 2.209100 ms  DeleteObjects: 2.940300 ms)

========================================================================
Received Import Request.
  path: Assets/HDRPDefaultResources
  artifactKey: Guid(73f77b91aa684b64b839643e81a9d425) Importer(815301076,1909f56bfc062723c751e8b465ee728b)
Start importing Assets/HDRPDefaultResources using Guid(73f77b91aa684b64b839643e81a9d425) Importer(815301076,1909f56bfc062723c751e8b465ee728b)  -> (artifact id: 'ed6959726e2cd2e257a2a88ab0438f68') in 0.038010 seconds
  Import took 0.046201 seconds .

========================================================================
Received Import Request.
  Time since last request: 0.000265 seconds.
  path: Assets/Materials
  artifactKey: Guid(064d3bbfc803c4aa1a2c24665cf38b68) Importer(815301076,1909f56bfc062723c751e8b465ee728b)
Start importing Assets/Materials using Guid(064d3bbfc803c4aa1a2c24665cf38b68) Importer(815301076,1909f56bfc062723c751e8b465ee728b)  -> (artifact id: 'd59903043543000d060fb17d79b25703') in 0.016990 seconds
  Import took 0.046391 seconds .

========================================================================
Received Import Request.
  Time since last request: 0.000348 seconds.
  path: Assets/Graphics
  artifactKey: Guid(4a2798f21d3f6a94492cd317b234948c) Importer(815301076,1909f56bfc062723c751e8b465ee728b)
Start importing Assets/Graphics using Guid(4a2798f21d3f6a94492cd317b234948c) Importer(815301076,1909f56bfc062723c751e8b465ee728b)  -> (artifact id: '400d0890769d73a05a31b9e3d368b390') in 0.018382 seconds
  Import took 0.052227 seconds .

========================================================================
Received Import Request.
  Time since last request: 0.000238 seconds.
  path: Assets/Epic Toon FX
  artifactKey: Guid(384a316e0abe0814c97b27ed6fe8932e) Importer(815301076,1909f56bfc062723c751e8b465ee728b)
Start importing Assets/Epic Toon FX using Guid(384a316e0abe0814c97b27ed6fe8932e) Importer(815301076,1909f56bfc062723c751e8b465ee728b)  -> (artifact id: '6e6174e9369ae9a64f8e0c6dc70accd6') in 0.009722 seconds
  Import took 0.023755 seconds .

========================================================================
Received Import Request.
  Time since last request: 3.183898 seconds.
  path: Assets/HDRPDefaultResources/DefaultSceneRoot.prefab
  artifactKey: Guid(6ae8ae2f469ed7e4282978e96184e10f) Importer(815301076,1909f56bfc062723c751e8b465ee728b)
Start importing Assets/HDRPDefaultResources/DefaultSceneRoot.prefab using Guid(6ae8ae2f469ed7e4282978e96184e10f) Importer(815301076,1909f56bfc062723c751e8b465ee728b)  -> (artifact id: '1738f3c28fca5cb5c2284ecf3301705e') in 0.100017 seconds
  Import took 0.106035 seconds .

========================================================================
Received Import Request.
  Time since last request: 0.000289 seconds.
  path: Assets/HDRPDefaultResources/Foliage Diffusion Profile.asset
  artifactKey: Guid(61e88659ddfe66046a2d642809973ea2) Importer(815301076,1909f56bfc062723c751e8b465ee728b)
Start importing Assets/HDRPDefaultResources/Foliage Diffusion Profile.asset using Guid(61e88659ddfe66046a2d642809973ea2) Importer(815301076,1909f56bfc062723c751e8b465ee728b)  -> (artifact id: '16082fca4a782e3512ecb8ae71cc5656') in 0.009928 seconds
  Import took 0.018095 seconds .

========================================================================
Received Import Request.
  Time since last request: 0.000267 seconds.
  path: Assets/HDRPDefaultResources/DefaultSettingsVolumeProfile.asset
  artifactKey: Guid(57d8d112965867a43b6d5db0c3eea6ed) Importer(815301076,1909f56bfc062723c751e8b465ee728b)
Start importing Assets/HDRPDefaultResources/DefaultSettingsVolumeProfile.asset using Guid(57d8d112965867a43b6d5db0c3eea6ed) Importer(815301076,1909f56bfc062723c751e8b465ee728b)  -> (artifact id: 'c4fe3321119cf644d419f23bafb0c40c') in 0.017764 seconds
  Import took 0.026844 seconds .

========================================================================
Received Import Request.
  Time since last request: 0.000266 seconds.
  path: Assets/HDRPDefaultResources/Skin Diffusion Profile.asset
  artifactKey: Guid(b536c4f08c0f56045b48da68a49c38c2) Importer(815301076,1909f56bfc062723c751e8b465ee728b)
Start importing Assets/HDRPDefaultResources/Skin Diffusion Profile.asset using Guid(b536c4f08c0f56045b48da68a49c38c2) Importer(815301076,1909f56bfc062723c751e8b465ee728b)  -> (artifact id: '89916949f7d49c2e4b449886b689b73a') in 0.011191 seconds
  Import took 0.022979 seconds .

========================================================================
Received Import Request.
  Time since last request: 0.000397 seconds.
  path: Assets/HDRPDefaultResources/Sky and Fog Settings Profile.asset
  artifactKey: Guid(54aa17f7a7abe274a9310b8707155336) Importer(815301076,1909f56bfc062723c751e8b465ee728b)
Start importing Assets/HDRPDefaultResources/Sky and Fog Settings Profile.asset using Guid(54aa17f7a7abe274a9310b8707155336) Importer(815301076,1909f56bfc062723c751e8b465ee728b)  -> (artifact id: '8c952cd52d3d3182e47dc05e2f0c1d3f') in 0.014728 seconds
  Import took 0.027467 seconds .

========================================================================
Received Import Request.
  Time since last request: 0.000203 seconds.
  path: Assets/HDRPDefaultResources/HDRenderPipelineAsset.asset
  artifactKey: Guid(6f2e47d037b96ff4798170f97d947d7a) Importer(815301076,1909f56bfc062723c751e8b465ee728b)
Start importing Assets/HDRPDefaultResources/HDRenderPipelineAsset.asset using Guid(6f2e47d037b96ff4798170f97d947d7a) Importer(815301076,1909f56bfc062723c751e8b465ee728b)  -> (artifact id: '5339bb5e53aefe753b638232c2483bdf') in 0.326683 seconds
  Import took 0.342921 seconds .

========================================================================
Received Import Request.
  Time since last request: 3.535234 seconds.
  path: Assets/TextMesh Pro
  artifactKey: Guid(f54d1bd14bd3ca042bd867b519fee8cc) Importer(815301076,1909f56bfc062723c751e8b465ee728b)
Start importing Assets/TextMesh Pro using Guid(f54d1bd14bd3ca042bd867b519fee8cc) Importer(815301076,1909f56bfc062723c751e8b465ee728b)  -> (artifact id: 'c39565d08a2499f604508dd1ea501fd5') in 0.010915 seconds
  Import took 0.020856 seconds .

========================================================================
Received Import Request.
  Time since last request: 1.134092 seconds.
  path: Assets/Toon_Soldiers
  artifactKey: Guid(6baf2d038cad6cd42bbe0de296a1388f) Importer(815301076,1909f56bfc062723c751e8b465ee728b)
Start importing Assets/Toon_Soldiers using Guid(6baf2d038cad6cd42bbe0de296a1388f) Importer(815301076,1909f56bfc062723c751e8b465ee728b)  -> (artifact id: 'c5e86ad0ff1a6e6684fd94a2560255d4') in 0.010929 seconds
  Import took 0.020409 seconds .

========================================================================
Received Import Request.
  Time since last request: 3.783158 seconds.
  path: Assets/Materials/ThermalVision
  artifactKey: Guid(73878576c66984d3d90ec8df9ffcc4b1) Importer(815301076,1909f56bfc062723c751e8b465ee728b)
Start importing Assets/Materials/ThermalVision using Guid(73878576c66984d3d90ec8df9ffcc4b1) Importer(815301076,1909f56bfc062723c751e8b465ee728b)  -> (artifact id: '4f512e8180b7aef82e05b5823ebf0ea1') in 0.017362 seconds
  Import took 0.026193 seconds .

========================================================================
Received Import Request.
  Time since last request: 1.069361 seconds.
  path: Assets/Materials/ThermalVision/ThermalSpectre.png
  artifactKey: Guid(a30f1569817b647cfa8f61ef8223bc0c) Importer(815301076,1909f56bfc062723c751e8b465ee728b)
Start importing Assets/Materials/ThermalVision/ThermalSpectre.png using Guid(a30f1569817b647cfa8f61ef8223bc0c) Importer(815301076,1909f56bfc062723c751e8b465ee728b)  -> (artifact id: '1e03ba966b4ad4da09cd019df0376f8e') in 0.471145 seconds
  Import took 0.478681 seconds .

========================================================================
Received Import Request.
  Time since last request: 0.000536 seconds.
  path: Assets/Materials/ThermalVision/ThermalVisionMaterial.mat
  artifactKey: Guid(8a8f94acb13e94540b6208da3f45878f) Importer(815301076,1909f56bfc062723c751e8b465ee728b)
Start importing Assets/Materials/ThermalVision/ThermalVisionMaterial.mat using Guid(8a8f94acb13e94540b6208da3f45878f) Importer(815301076,1909f56bfc062723c751e8b465ee728b)  -> (artifact id: 'a05070771cc0143eec767b019ce9d21e') in 0.816748 seconds
  Import took 0.840503 seconds .

========================================================================
Received Import Request.
  Time since last request: 0.000328 seconds.
  path: Assets/Materials/ThermalVision/ThermalVisionMaterial 2.mat
  artifactKey: Guid(abcb5ed581873448eb703e98fec910c7) Importer(815301076,1909f56bfc062723c751e8b465ee728b)
Start importing Assets/Materials/ThermalVision/ThermalVisionMaterial 2.mat using Guid(abcb5ed581873448eb703e98fec910c7) Importer(815301076,1909f56bfc062723c751e8b465ee728b)  -> (artifact id: 'c8441c9362ebe07fc8c298d592093d5b') in 0.352162 seconds
  Import took 0.359309 seconds .

========================================================================
Received Import Request.
  Time since last request: 0.000345 seconds.
  path: Assets/Materials/ThermalVision/ThermaSpectre2.png
  artifactKey: Guid(2bb1409d0470d44c8bd233ee1ca7ab22) Importer(815301076,1909f56bfc062723c751e8b465ee728b)
Start importing Assets/Materials/ThermalVision/ThermaSpectre2.png using Guid(2bb1409d0470d44c8bd233ee1ca7ab22) Importer(815301076,1909f56bfc062723c751e8b465ee728b)  -> (artifact id: 'f6f243c4b14c1c6ca5ffb9824d610950') in 0.058027 seconds
  Import took 0.066554 seconds .

========================================================================
Received Import Request.
  Time since last request: 0.007705 seconds.
  path: Assets/Materials/ThermalVision/ThermaSpectre2.png
  artifactKey: Guid(2bb1409d0470d44c8bd233ee1ca7ab22) Importer(815301076,1909f56bfc062723c751e8b465ee728b)
Start importing Assets/Materials/ThermalVision/ThermaSpectre2.png using Guid(2bb1409d0470d44c8bd233ee1ca7ab22) Importer(815301076,1909f56bfc062723c751e8b465ee728b)  -> (artifact id: 'f6f243c4b14c1c6ca5ffb9824d610950') in 0.014258 seconds
  Import took 0.025627 seconds .

========================================================================
Received Import Request.
  Time since last request: 14.505273 seconds.
  path: Assets/Scenes/DemoScene_SnowRoads.unity
  artifactKey: Guid(a8ff3e5a5a9b37448babcbade2ece24c) Importer(815301076,1909f56bfc062723c751e8b465ee728b)
Start importing Assets/Scenes/DemoScene_SnowRoads.unity using Guid(a8ff3e5a5a9b37448babcbade2ece24c) Importer(815301076,1909f56bfc062723c751e8b465ee728b)  -> (artifact id: '5a2fa51dbb1a6bb21be0450e96d9bb8f') in 0.023721 seconds
  Import took 0.033901 seconds .

========================================================================
Received Import Request.
  Time since last request: 0.511473 seconds.
  path: Assets/Scenes/SampleScene.unity
  artifactKey: Guid(9fc0d4010bbf28b4594072e72b8655ab) Importer(815301076,1909f56bfc062723c751e8b465ee728b)
Start importing Assets/Scenes/SampleScene.unity using Guid(9fc0d4010bbf28b4594072e72b8655ab) Importer(815301076,1909f56bfc062723c751e8b465ee728b)  -> (artifact id: '6d7a8dcacc1736bff453319488e06ddb') in 0.012123 seconds
  Import took 0.021014 seconds .

========================================================================
Received Import Request.
  Time since last request: 133.781721 seconds.
  path: Assets/Materials/ThermalVision/ThermalVision.shader
  artifactKey: Guid(732d90bbbdd2b44ee9794a847a141baa) Importer(815301076,1909f56bfc062723c751e8b465ee728b)
Start importing Assets/Materials/ThermalVision/ThermalVision.shader using Guid(732d90bbbdd2b44ee9794a847a141baa) Importer(815301076,1909f56bfc062723c751e8b465ee728b)  -> (artifact id: 'e6c02f74e84be145700cf6a10afc76ec') in 0.008869 seconds
  Import took 0.018203 seconds .

========================================================================
Received Import Request.
  Time since last request: 2.432882 seconds.
  path: Assets/Materials/ThermalVision/ThermalVision.shader
  artifactKey: Guid(732d90bbbdd2b44ee9794a847a141baa) Importer(815301076,1909f56bfc062723c751e8b465ee728b)
Start importing Assets/Materials/ThermalVision/ThermalVision.shader using Guid(732d90bbbdd2b44ee9794a847a141baa) Importer(815301076,1909f56bfc062723c751e8b465ee728b)  -> (artifact id: 'e6c02f74e84be145700cf6a10afc76ec') in 0.004514 seconds
  Import took 0.011024 seconds .

========================================================================
Received Prepare
Registering precompiled user dll's ...
Registered in 0.345492 seconds.
Begin MonoManager ReloadAssembly
Native extension for WindowsStandalone target not found
Refreshing native plugins compatible for Editor in 1.42 ms, found 1 plugins.
Preloading 0 native plugins for Editor in 0.00 ms.
Invoked RoslynAnalysisRunner static constructor.
RoslynAnalysisRunner will not be running.
RoslynAnalysisRunner has terminated.
Mono: successfully reloaded assembly
- Completed reload, in  6.610 seconds
Platform modules already initialized, skipping
Switching build target platform(5) subTarget(0) extendedPlatform(0) -> platform(13) subTarget(65536) extendedPlatform(0)
Refreshing native plugins compatible for Editor in 1.03 ms, found 1 plugins.
Preloading 0 native plugins for Editor in 0.00 ms.
Unloading 2742 Unused Serialized files (Serialized files now loaded: 0)
System memory in use before: 111.4 MB.
System memory in use after: 109.2 MB.

Unloading 22 unused Assets to reduce memory usage. Loaded Objects now: 3238.
Total: 4.616600 ms (FindLiveObjects: 0.598500 ms CreateObjectMapping: 0.242200 ms MarkObjects: 2.167500 ms  DeleteObjects: 1.606400 ms)

AssetImportParameters requested are different than current active one (requested -> active):
  custom:graphics/normal-map-encoding: 01000000000000000000000000000000 -> 02000000000000000000000000000000
========================================================================
Received Import Request.
  Time since last request: 744.722500 seconds.
  path: Assets/Toon_Soldiers/ToonSoldiers_Armies/models/materials/Uniforms/urban/TSA_M_digital_urban.mat
  artifactKey: Guid(e94ede01bdad9a541862e628d5c08146) Importer(815301076,1909f56bfc062723c751e8b465ee728b)
Start importing Assets/Toon_Soldiers/ToonSoldiers_Armies/models/materials/Uniforms/urban/TSA_M_digital_urban.mat using Guid(e94ede01bdad9a541862e628d5c08146) Importer(815301076,1909f56bfc062723c751e8b465ee728b)  -> (artifact id: 'cef64f0a7bb10c40c190c492da5ececc') in 1.270054 seconds
  Import took 1.285305 seconds .

========================================================================
Received Import Request.
  Time since last request: 0.000120 seconds.
  path: Assets/Toon_Soldiers/ToonSoldiers_Armies/models/materials/Uniforms/urban/TSA_M_urban_grey.mat
  artifactKey: Guid(f77e1ffe3e768744ca047f3bbaf53350) Importer(815301076,1909f56bfc062723c751e8b465ee728b)
Start importing Assets/Toon_Soldiers/ToonSoldiers_Armies/models/materials/Uniforms/urban/TSA_M_urban_grey.mat using Guid(f77e1ffe3e768744ca047f3bbaf53350) Importer(815301076,1909f56bfc062723c751e8b465ee728b)  -> (artifact id: '2562f9fa17b45a3ed90cb99efd55ad2b') in 0.230131 seconds
  Import took 0.237904 seconds .

========================================================================
Received Import Request.
  Time since last request: 0.000204 seconds.
  path: Assets/Toon_Soldiers/ToonSoldiers_Armies/models/materials/Uniforms/urban/TSA_M_urban_seal.mat
  artifactKey: Guid(9d1afdc590c9ba24f9dd7c3be2d3cc42) Importer(815301076,1909f56bfc062723c751e8b465ee728b)
Start importing Assets/Toon_Soldiers/ToonSoldiers_Armies/models/materials/Uniforms/urban/TSA_M_urban_seal.mat using Guid(9d1afdc590c9ba24f9dd7c3be2d3cc42) Importer(815301076,1909f56bfc062723c751e8b465ee728b)  -> (artifact id: 'f0a8c4ae4e8f0e0ec95767609f772ee1') in 0.233884 seconds
  Import took 0.243437 seconds .

========================================================================
Received Import Request.
  Time since last request: 0.000517 seconds.
  path: Assets/Toon_Soldiers/ToonSoldiers_Armies/models/materials/Uniforms/urban/TSA_M_urban_green.mat
  artifactKey: Guid(4bed6d5118916be489b2d55e34474ddd) Importer(815301076,1909f56bfc062723c751e8b465ee728b)
Start importing Assets/Toon_Soldiers/ToonSoldiers_Armies/models/materials/Uniforms/urban/TSA_M_urban_green.mat using Guid(4bed6d5118916be489b2d55e34474ddd) Importer(815301076,1909f56bfc062723c751e8b465ee728b)  -> (artifact id: '3bb8afd2191316eb1b092cceb63c0cb7') in 0.209033 seconds
  Import took 0.218348 seconds .

========================================================================
Received Import Request.
  Time since last request: 0.000376 seconds.
  path: Assets/Toon_Soldiers/ToonSoldiers_Armies/models/materials/Uniforms/urban/TSA_M_digital_urban.mat
  artifactKey: Guid(e94ede01bdad9a541862e628d5c08146) Importer(815301076,1909f56bfc062723c751e8b465ee728b)
Start importing Assets/Toon_Soldiers/ToonSoldiers_Armies/models/materials/Uniforms/urban/TSA_M_digital_urban.mat using Guid(e94ede01bdad9a541862e628d5c08146) Importer(815301076,1909f56bfc062723c751e8b465ee728b)  -> (artifact id: 'cef64f0a7bb10c40c190c492da5ececc') in 0.121461 seconds
  Import took 0.130391 seconds .

========================================================================
Received Import Request.
  Time since last request: 0.000298 seconds.
  path: Assets/Toon_Soldiers/ToonSoldiers_Armies/models/materials/Uniforms/urban/TSA_M_urban_black.mat
  artifactKey: Guid(d855bea89274d6047bd57e82a4933603) Importer(815301076,1909f56bfc062723c751e8b465ee728b)
Start importing Assets/Toon_Soldiers/ToonSoldiers_Armies/models/materials/Uniforms/urban/TSA_M_urban_black.mat using Guid(d855bea89274d6047bd57e82a4933603) Importer(815301076,1909f56bfc062723c751e8b465ee728b)  -> (artifact id: '5cacde6c7044937db978f26b2a5e3229') in 0.123872 seconds
  Import took 0.135116 seconds .

========================================================================
Received Import Request.
  Time since last request: 0.000265 seconds.
  path: Assets/Toon_Soldiers/ToonSoldiers_Armies/models/materials/Uniforms/urban/TSA_M_urban_blue.mat
  artifactKey: Guid(09c427576892da3468b1fa2eb565154d) Importer(815301076,1909f56bfc062723c751e8b465ee728b)
Start importing Assets/Toon_Soldiers/ToonSoldiers_Armies/models/materials/Uniforms/urban/TSA_M_urban_blue.mat using Guid(09c427576892da3468b1fa2eb565154d) Importer(815301076,1909f56bfc062723c751e8b465ee728b)  -> (artifact id: 'c57987b30c6d9e7eb9612e748b6b7db2') in 0.452070 seconds
  Import took 0.460167 seconds .

========================================================================
Received Import Request.
  Time since last request: 0.000397 seconds.
  path: Assets/Toon_Soldiers/ToonSoldiers_Armies/models/materials/Uniforms/urban/TSA_M_urban_black.mat
  artifactKey: Guid(d855bea89274d6047bd57e82a4933603) Importer(815301076,1909f56bfc062723c751e8b465ee728b)
Start importing Assets/Toon_Soldiers/ToonSoldiers_Armies/models/materials/Uniforms/urban/TSA_M_urban_black.mat using Guid(d855bea89274d6047bd57e82a4933603) Importer(815301076,1909f56bfc062723c751e8b465ee728b)  -> (artifact id: '5cacde6c7044937db978f26b2a5e3229') in 0.129707 seconds
  Import took 0.138558 seconds .

========================================================================
Received Import Request.
  Time since last request: 0.000257 seconds.
  path: Assets/Toon_Soldiers/ToonSoldiers_Armies/models/materials/Uniforms/urban/TSA_M_urban_blue.mat
  artifactKey: Guid(09c427576892da3468b1fa2eb565154d) Importer(815301076,1909f56bfc062723c751e8b465ee728b)
Start importing Assets/Toon_Soldiers/ToonSoldiers_Armies/models/materials/Uniforms/urban/TSA_M_urban_blue.mat using Guid(09c427576892da3468b1fa2eb565154d) Importer(815301076,1909f56bfc062723c751e8b465ee728b)  -> (artifact id: 'c57987b30c6d9e7eb9612e748b6b7db2') in 0.119468 seconds
  Import took 0.127893 seconds .

========================================================================
Received Import Request.
  Time since last request: 94.063349 seconds.
  path: Assets/Scripts
  artifactKey: Guid(158c9d8da6ba03e468351f90a9a5db01) Importer(815301076,1909f56bfc062723c751e8b465ee728b)
Start importing Assets/Scripts using Guid(158c9d8da6ba03e468351f90a9a5db01) Importer(815301076,1909f56bfc062723c751e8b465ee728b)  -> (artifact id: '174cc71a7623454408c969ead03a5b66') in 0.013447 seconds
  Import took 0.023562 seconds .

========================================================================
Received Import Request.
  Time since last request: 0.415296 seconds.
  path: Assets/Polygonal Particles
  artifactKey: Guid(b6797a99bfbb1f444938550a71a4162a) Importer(815301076,1909f56bfc062723c751e8b465ee728b)
Start importing Assets/Polygonal Particles using Guid(b6797a99bfbb1f444938550a71a4162a) Importer(815301076,1909f56bfc062723c751e8b465ee728b)  -> (artifact id: 'e5b6cbe55653662ad3d75ed19f8d1107') in 0.010554 seconds
  Import took 0.020215 seconds .

========================================================================
Received Import Request.
  Time since last request: 16.012797 seconds.
  path: Assets/Characters/LowpolyPlayer/Attack.mask
  artifactKey: Guid(335306d22a4a5c347ae14b0bd8d7e5d5) Importer(815301076,1909f56bfc062723c751e8b465ee728b)
Start importing Assets/Characters/LowpolyPlayer/Attack.mask using Guid(335306d22a4a5c347ae14b0bd8d7e5d5) Importer(815301076,1909f56bfc062723c751e8b465ee728b)  -> (artifact id: '60951eaabaa615bc12ea2af91fc6d0b1') in 0.011245 seconds
  Import took 0.017535 seconds .

========================================================================
Received Import Request.
  Time since last request: 0.000490 seconds.
  path: Assets/Characters/LowpolyPlayer/Soldier.fbx
  artifactKey: Guid(b2739d92c127f6f408c1ede7482207ab) Importer(815301076,1909f56bfc062723c751e8b465ee728b)
Start importing Assets/Characters/LowpolyPlayer/Soldier.fbx using Guid(b2739d92c127f6f408c1ede7482207ab) Importer(815301076,1909f56bfc062723c751e8b465ee728b)  -> (artifact id: 'c6f925a4d8fa914f08764de6909a45c7') in 0.848605 seconds
  Import took 0.854764 seconds .

========================================================================
Received Import Request.
  Time since last request: 0.000219 seconds.
  path: Assets/Characters/LowpolyPlayer/SoldierDiffuse_baseTexBaked (1).png
  artifactKey: Guid(af2ac44205a95f246ae4a32b7eac92da) Importer(815301076,1909f56bfc062723c751e8b465ee728b)
Start importing Assets/Characters/LowpolyPlayer/SoldierDiffuse_baseTexBaked (1).png using Guid(af2ac44205a95f246ae4a32b7eac92da) Importer(815301076,1909f56bfc062723c751e8b465ee728b)  -> (artifact id: '6cbd27eb320dc4eb3b89ffebd487e997') in 0.168693 seconds
  Import took 0.176324 seconds .

========================================================================
Received Import Request.
  Time since last request: 0.000234 seconds.
  path: Assets/Characters/LowpolyPlayer/Soldier.fbx
  artifactKey: Guid(b2739d92c127f6f408c1ede7482207ab) Importer(815301076,1909f56bfc062723c751e8b465ee728b)
Start importing Assets/Characters/LowpolyPlayer/Soldier.fbx using Guid(b2739d92c127f6f408c1ede7482207ab) Importer(815301076,1909f56bfc062723c751e8b465ee728b)  -> (artifact id: 'c6f925a4d8fa914f08764de6909a45c7') in 0.046331 seconds
  Import took 0.056503 seconds .

========================================================================
Received Import Request.
  Time since last request: 0.000330 seconds.
  path: Assets/Characters/LowpolyPlayer/soldier1.mat
  artifactKey: Guid(67f1af08121f0204a8ac134082c723b4) Importer(815301076,1909f56bfc062723c751e8b465ee728b)
Start importing Assets/Characters/LowpolyPlayer/soldier1.mat using Guid(67f1af08121f0204a8ac134082c723b4) Importer(815301076,1909f56bfc062723c751e8b465ee728b)  -> (artifact id: '2a0291d4d9dee65cef986f427f99622c') in 0.942751 seconds
  Import took 0.952151 seconds .

========================================================================
Received Import Request.
  Time since last request: 0.000244 seconds.
  path: Assets/Characters/LowpolyPlayer/WoolfieRigged.fbx
  artifactKey: Guid(5a382583e2f451249a463bc245c04cbe) Importer(815301076,1909f56bfc062723c751e8b465ee728b)
Start importing Assets/Characters/LowpolyPlayer/WoolfieRigged.fbx using Guid(5a382583e2f451249a463bc245c04cbe) Importer(815301076,1909f56bfc062723c751e8b465ee728b)  -> (artifact id: '38700fff9904c0a87aa641491baa3294') in 0.739080 seconds
  Import took 0.747420 seconds .

========================================================================
Received Import Request.
  Time since last request: 0.000199 seconds.
  path: Assets/Characters/LowpolyPlayer/soldier1.mat
  artifactKey: Guid(67f1af08121f0204a8ac134082c723b4) Importer(815301076,1909f56bfc062723c751e8b465ee728b)
Start importing Assets/Characters/LowpolyPlayer/soldier1.mat using Guid(67f1af08121f0204a8ac134082c723b4) Importer(815301076,1909f56bfc062723c751e8b465ee728b)  -> (artifact id: '2a0291d4d9dee65cef986f427f99622c') in 0.121922 seconds
  Import took 0.129586 seconds .

========================================================================
Received Import Request.
  Time since last request: 0.000293 seconds.
  path: Assets/Characters/LowpolyPlayer/SoldierRigged.fbx
  artifactKey: Guid(e3d454dad2dca0246a50c7ced30da392) Importer(815301076,1909f56bfc062723c751e8b465ee728b)
Start importing Assets/Characters/LowpolyPlayer/SoldierRigged.fbx using Guid(e3d454dad2dca0246a50c7ced30da392) Importer(815301076,1909f56bfc062723c751e8b465ee728b)  -> (artifact id: '37562546e8ce2715a614b5cb44aa34bc') in 0.459242 seconds
  Import took 0.467882 seconds .

========================================================================
Received Import Request.
  Time since last request: 0.000300 seconds.
  path: Assets/Characters/LowpolyPlayer/Wolf.fbx
  artifactKey: Guid(45d2cba8339989f48ad39195952fd424) Importer(815301076,1909f56bfc062723c751e8b465ee728b)
Start importing Assets/Characters/LowpolyPlayer/Wolf.fbx using Guid(45d2cba8339989f48ad39195952fd424) Importer(815301076,1909f56bfc062723c751e8b465ee728b)  -> (artifact id: 'd3717942a3694111cd7ee8f779e1cae2') in 0.053294 seconds
  Import took 0.062671 seconds .

========================================================================
Received Import Request.
  Time since last request: 0.000257 seconds.
  path: Assets/Characters/LowpolyPlayer/SoldierRigged.fbx
  artifactKey: Guid(e3d454dad2dca0246a50c7ced30da392) Importer(815301076,1909f56bfc062723c751e8b465ee728b)
Start importing Assets/Characters/LowpolyPlayer/SoldierRigged.fbx using Guid(e3d454dad2dca0246a50c7ced30da392) Importer(815301076,1909f56bfc062723c751e8b465ee728b)  -> (artifact id: '37562546e8ce2715a614b5cb44aa34bc') in 0.146482 seconds
  Import took 0.155788 seconds .

========================================================================
Received Import Request.
  Time since last request: 0.000220 seconds.
  path: Assets/Characters/LowpolyPlayer/Transform.mask
  artifactKey: Guid(bf3797fedc447a443b1ee326d6ca5e8c) Importer(815301076,1909f56bfc062723c751e8b465ee728b)
Start importing Assets/Characters/LowpolyPlayer/Transform.mask using Guid(bf3797fedc447a443b1ee326d6ca5e8c) Importer(815301076,1909f56bfc062723c751e8b465ee728b)  -> (artifact id: '8fddac51243364b5444d6fce008f9511') in 0.036677 seconds
  Import took 0.045228 seconds .

========================================================================
Received Import Request.
  Time since last request: 0.000309 seconds.
  path: Assets/Characters/LowpolyPlayer/SoldierRiggedFIX.fbx
  artifactKey: Guid(c072e33d68cf07544b934fe8badad836) Importer(815301076,1909f56bfc062723c751e8b465ee728b)
Start importing Assets/Characters/LowpolyPlayer/SoldierRiggedFIX.fbx using Guid(c072e33d68cf07544b934fe8badad836) Importer(815301076,1909f56bfc062723c751e8b465ee728b)  -> (artifact id: 'bea8606f2a7ad5c4ea7f69da895a7fc4') in 0.155195 seconds
  Import took 0.165221 seconds .

========================================================================
Received Import Request.
  Time since last request: 0.001790 seconds.
  path: Assets/Characters/LowpolyPlayer/SoldierRiggedFIX.fbx
  artifactKey: Guid(c072e33d68cf07544b934fe8badad836) Importer(815301076,1909f56bfc062723c751e8b465ee728b)
Start importing Assets/Characters/LowpolyPlayer/SoldierRiggedFIX.fbx using Guid(c072e33d68cf07544b934fe8badad836) Importer(815301076,1909f56bfc062723c751e8b465ee728b)  -> (artifact id: 'bea8606f2a7ad5c4ea7f69da895a7fc4') in 0.145831 seconds
  Import took 0.154681 seconds .

========================================================================
Received Import Request.
  Time since last request: 5.165920 seconds.
  path: Assets/MeshTransformation
  artifactKey: Guid(f90840fe851451745831ae96d7c88741) Importer(815301076,1909f56bfc062723c751e8b465ee728b)
Start importing Assets/MeshTransformation using Guid(f90840fe851451745831ae96d7c88741) Importer(815301076,1909f56bfc062723c751e8b465ee728b)  -> (artifact id: '25a2e1227561407fb57fe3f53cd8e2ba') in 0.012759 seconds
  Import took 0.022646 seconds .

========================================================================
Received Import Request.
  Time since last request: 7.037352 seconds.
  path: Assets/3rdPerson+Fly
  artifactKey: Guid(4c95cfdd8f630a14d9de417410e1eea5) Importer(815301076,1909f56bfc062723c751e8b465ee728b)
Start importing Assets/3rdPerson+Fly using Guid(4c95cfdd8f630a14d9de417410e1eea5) Importer(815301076,1909f56bfc062723c751e8b465ee728b)  -> (artifact id: '2923433f664ae1e5f852a1e9874840d3') in 0.016074 seconds
  Import took 0.025817 seconds .

========================================================================
Received Import Request.
  Time since last request: 7.126658 seconds.
  path: Assets/Toon_Soldiers/ToonSoldiers_Armies
  artifactKey: Guid(68d930806d97bea4f81f3de0306b5e90) Importer(815301076,1909f56bfc062723c751e8b465ee728b)
Start importing Assets/Toon_Soldiers/ToonSoldiers_Armies using Guid(68d930806d97bea4f81f3de0306b5e90) Importer(815301076,1909f56bfc062723c751e8b465ee728b)  -> (artifact id: '5013c0a5d110f001b84240a62c3f9ff7') in 0.014269 seconds
  Import took 0.021942 seconds .

========================================================================
Received Import Request.
  Time since last request: 1.062029 seconds.
  path: Assets/Toon_Soldiers/ToonSoldiers_Armies/prefabs
  artifactKey: Guid(c69d3186e57a6f347bb3c6f65a3aff76) Importer(815301076,1909f56bfc062723c751e8b465ee728b)
Start importing Assets/Toon_Soldiers/ToonSoldiers_Armies/prefabs using Guid(c69d3186e57a6f347bb3c6f65a3aff76) Importer(815301076,1909f56bfc062723c751e8b465ee728b)  -> (artifact id: '65cc3f267ad350c6c9f14d18519a9668') in 0.010932 seconds
  Import took 0.020718 seconds .

========================================================================
Received Import Request.
  Time since last request: 0.591234 seconds.
  path: Assets/Toon_Soldiers/ToonSoldiers_Armies/prefabs/spec_ops
  artifactKey: Guid(ee7521a03af218b4ab4b7a5c340ab5b2) Importer(815301076,1909f56bfc062723c751e8b465ee728b)
Start importing Assets/Toon_Soldiers/ToonSoldiers_Armies/prefabs/spec_ops using Guid(ee7521a03af218b4ab4b7a5c340ab5b2) Importer(815301076,1909f56bfc062723c751e8b465ee728b)  -> (artifact id: 'bc37aa0999862f13fd01e7deedb787dd') in 0.010827 seconds
  Import took 0.019859 seconds .

========================================================================
Received Import Request.
  Time since last request: 0.594077 seconds.
  path: Assets/Toon_Soldiers/ToonSoldiers_Armies/prefabs/army
  artifactKey: Guid(92e7a36d00e5e73438924042dc2bbc7e) Importer(815301076,1909f56bfc062723c751e8b465ee728b)
Start importing Assets/Toon_Soldiers/ToonSoldiers_Armies/prefabs/army using Guid(92e7a36d00e5e73438924042dc2bbc7e) Importer(815301076,1909f56bfc062723c751e8b465ee728b)  -> (artifact id: 'cc5487c70800ac952c82b37bd9b7d0e7') in 0.008863 seconds
  Import took 0.019374 seconds .

========================================================================
Received Import Request.
  Time since last request: 0.043949 seconds.
  path: Assets/Toon_Soldiers/ToonSoldiers_Armies/prefabs/army/TS-Armies_Engineer.prefab
  artifactKey: Guid(9da49e848df8b484e97c5e3e63a81715) Importer(815301076,1909f56bfc062723c751e8b465ee728b)
Start importing Assets/Toon_Soldiers/ToonSoldiers_Armies/prefabs/army/TS-Armies_Engineer.prefab using Guid(9da49e848df8b484e97c5e3e63a81715) Importer(815301076,1909f56bfc062723c751e8b465ee728b)  -> (artifact id: '025c55080421a36415282bd9bec0f17f') in 0.893041 seconds
  Import took 0.901084 seconds .

========================================================================
Received Import Request.
  Time since last request: 0.000478 seconds.
  path: Assets/Toon_Soldiers/ToonSoldiers_Armies/prefabs/army/TS-Armies_OffDuty.prefab
  artifactKey: Guid(d715181bb1121a74dbedf6882f9e987e) Importer(815301076,1909f56bfc062723c751e8b465ee728b)
Start importing Assets/Toon_Soldiers/ToonSoldiers_Armies/prefabs/army/TS-Armies_OffDuty.prefab using Guid(d715181bb1121a74dbedf6882f9e987e) Importer(815301076,1909f56bfc062723c751e8b465ee728b)  -> (artifact id: '6f50fbc75425369c4190f10fe4ab151e') in 0.138510 seconds
  Import took 0.148706 seconds .

========================================================================
Received Import Request.
  Time since last request: 0.000261 seconds.
  path: Assets/Toon_Soldiers/ToonSoldiers_Armies/prefabs/army/TS-Armies_Sniper_A.prefab
  artifactKey: Guid(2217a61d30f20554eb621e0c8cb5853d) Importer(815301076,1909f56bfc062723c751e8b465ee728b)
Start importing Assets/Toon_Soldiers/ToonSoldiers_Armies/prefabs/army/TS-Armies_Sniper_A.prefab using Guid(2217a61d30f20554eb621e0c8cb5853d) Importer(815301076,1909f56bfc062723c751e8b465ee728b)  -> (artifact id: '3c35c627ef0983eebf1fa2858af11aaf') in 0.280959 seconds
  Import took 0.291177 seconds .

========================================================================
Received Import Request.
  Time since last request: 0.000293 seconds.
  path: Assets/Toon_Soldiers/ToonSoldiers_Armies/prefabs/army/TS-Armies_OffDuty.prefab
  artifactKey: Guid(d715181bb1121a74dbedf6882f9e987e) Importer(815301076,1909f56bfc062723c751e8b465ee728b)
Start importing Assets/Toon_Soldiers/ToonSoldiers_Armies/prefabs/army/TS-Armies_OffDuty.prefab using Guid(d715181bb1121a74dbedf6882f9e987e) Importer(815301076,1909f56bfc062723c751e8b465ee728b)  -> (artifact id: '6f50fbc75425369c4190f10fe4ab151e') in 0.112865 seconds
  Import took 0.121635 seconds .

========================================================================
Received Import Request.
  Time since last request: 0.000215 seconds.
  path: Assets/Toon_Soldiers/ToonSoldiers_Armies/prefabs/army/TS-Armies_Soldier_A.prefab
  artifactKey: Guid(974b7ae106a169e4ebdfbe47554f8908) Importer(815301076,1909f56bfc062723c751e8b465ee728b)
Start importing Assets/Toon_Soldiers/ToonSoldiers_Armies/prefabs/army/TS-Armies_Soldier_A.prefab using Guid(974b7ae106a169e4ebdfbe47554f8908) Importer(815301076,1909f56bfc062723c751e8b465ee728b)  -> (artifact id: '097f9eef3d0213da0a8a24726d418cfa') in 0.307818 seconds
  Import took 0.317547 seconds .

========================================================================
Received Import Request.
  Time since last request: 0.000313 seconds.
  path: Assets/Toon_Soldiers/ToonSoldiers_Armies/prefabs/army/TS-Armies_Sniper_B.prefab
  artifactKey: Guid(385dd62362f61114fb5cc54eaf64fac2) Importer(815301076,1909f56bfc062723c751e8b465ee728b)
Start importing Assets/Toon_Soldiers/ToonSoldiers_Armies/prefabs/army/TS-Armies_Sniper_B.prefab using Guid(385dd62362f61114fb5cc54eaf64fac2) Importer(815301076,1909f56bfc062723c751e8b465ee728b)  -> (artifact id: 'bbbff8991bce04175ae302d24f282677') in 0.222037 seconds
  Import took 0.230215 seconds .

========================================================================
Received Import Request.
  Time since last request: 0.000385 seconds.
  path: Assets/Toon_Soldiers/ToonSoldiers_Armies/prefabs/army/TS-Armies_Officer.prefab
  artifactKey: Guid(53d7be7e023b2f241ab8f808cced6dc6) Importer(815301076,1909f56bfc062723c751e8b465ee728b)
Start importing Assets/Toon_Soldiers/ToonSoldiers_Armies/prefabs/army/TS-Armies_Officer.prefab using Guid(53d7be7e023b2f241ab8f808cced6dc6) Importer(815301076,1909f56bfc062723c751e8b465ee728b)  -> (artifact id: '00def239d475d316e355112e41b222a6') in 0.146343 seconds
  Import took 0.155413 seconds .

========================================================================
Received Import Request.
  Time since last request: 0.000230 seconds.
  path: Assets/Toon_Soldiers/ToonSoldiers_Armies/prefabs/army/TS-Armies_Recon_A.prefab
  artifactKey: Guid(778af05197a11df4689dfbbc5648eb8b) Importer(815301076,1909f56bfc062723c751e8b465ee728b)
Start importing Assets/Toon_Soldiers/ToonSoldiers_Armies/prefabs/army/TS-Armies_Recon_A.prefab using Guid(778af05197a11df4689dfbbc5648eb8b) Importer(815301076,1909f56bfc062723c751e8b465ee728b)  -> (artifact id: 'db4f701b4bc29038375e0fb10551d7d2') in 0.253860 seconds
  Import took 0.262250 seconds .

========================================================================
Received Import Request.
  Time since last request: 0.000279 seconds.
  path: Assets/Toon_Soldiers/ToonSoldiers_Armies/prefabs/army/TS-Armies_Soldier_B.prefab
  artifactKey: Guid(a4c595c238bd58c45b601a8ea61a732d) Importer(815301076,1909f56bfc062723c751e8b465ee728b)
Start importing Assets/Toon_Soldiers/ToonSoldiers_Armies/prefabs/army/TS-Armies_Soldier_B.prefab using Guid(a4c595c238bd58c45b601a8ea61a732d) Importer(815301076,1909f56bfc062723c751e8b465ee728b)  -> (artifact id: '14e724a5d72a95ec5e7dba155a1002cc') in 0.268784 seconds
  Import took 0.285525 seconds .

========================================================================
Received Import Request.
  Time since last request: 0.000281 seconds.
  path: Assets/Toon_Soldiers/ToonSoldiers_Armies/prefabs/army/TS-Armies_Support.prefab
  artifactKey: Guid(3f5c2682da7630b45a917fbf757d4641) Importer(815301076,1909f56bfc062723c751e8b465ee728b)
Start importing Assets/Toon_Soldiers/ToonSoldiers_Armies/prefabs/army/TS-Armies_Support.prefab using Guid(3f5c2682da7630b45a917fbf757d4641) Importer(815301076,1909f56bfc062723c751e8b465ee728b)  -> (artifact id: '1610b20467780a0623eabaf1988d621e') in 0.422899 seconds
  Import took 0.437191 seconds .

========================================================================
Received Import Request.
  Time since last request: 0.000277 seconds.
  path: Assets/Toon_Soldiers/ToonSoldiers_Armies/prefabs/army/TS-Armies_Recon_B.prefab
  artifactKey: Guid(ca0d7fbefa473f942b356f562c775cff) Importer(815301076,1909f56bfc062723c751e8b465ee728b)
Start importing Assets/Toon_Soldiers/ToonSoldiers_Armies/prefabs/army/TS-Armies_Recon_B.prefab using Guid(ca0d7fbefa473f942b356f562c775cff) Importer(815301076,1909f56bfc062723c751e8b465ee728b)  -> (artifact id: '3e08c3e3de0ff44dfd24e2d87347c3be') in 0.560079 seconds
  Import took 0.571898 seconds .

========================================================================
Received Import Request.
  Time since last request: 0.000521 seconds.
  path: Assets/Toon_Soldiers/ToonSoldiers_Armies/prefabs/army/TS-Armies_Soldier_C.prefab
  artifactKey: Guid(33f3d6feb38f88842ae03df0787556a4) Importer(815301076,1909f56bfc062723c751e8b465ee728b)
Start importing Assets/Toon_Soldiers/ToonSoldiers_Armies/prefabs/army/TS-Armies_Soldier_C.prefab using Guid(33f3d6feb38f88842ae03df0787556a4) Importer(815301076,1909f56bfc062723c751e8b465ee728b)  -> (artifact id: 'e3c7934da16f4a6514a4cc8c8e7d5740') in 1.523557 seconds
  Import took 1.578691 seconds .

========================================================================
Received Prepare
Registering precompiled user dll's ...
Registered in 0.002898 seconds.
Begin MonoManager ReloadAssembly
Native extension for WindowsStandalone target not found
Refreshing native plugins compatible for Editor in 1.18 ms, found 1 plugins.
Preloading 0 native plugins for Editor in 0.00 ms.
Invoked RoslynAnalysisRunner static constructor.
RoslynAnalysisRunner will not be running.
RoslynAnalysisRunner has terminated.
Mono: successfully reloaded assembly
- Completed reload, in  1.294 seconds
Platform modules already initialized, skipping
Switching build target platform(5) subTarget(0) extendedPlatform(0) -> platform(13) subTarget(65536) extendedPlatform(0)
Refreshing native plugins compatible for Editor in 1.85 ms, found 1 plugins.
Preloading 0 native plugins for Editor in 0.00 ms.
Unloading 2741 Unused Serialized files (Serialized files now loaded: 0)
System memory in use before: 112.5 MB.
System memory in use after: 110.4 MB.

Unloading 22 unused Assets to reduce memory usage. Loaded Objects now: 3245.
Total: 13.557500 ms (FindLiveObjects: 1.738300 ms CreateObjectMapping: 1.247400 ms MarkObjects: 6.625300 ms  DeleteObjects: 3.942100 ms)

AssetImportParameters requested are different than current active one (requested -> active):
  custom:graphics/normal-map-encoding: 01000000000000000000000000000000 -> 02000000000000000000000000000000
========================================================================
Received Import Request.
  Time since last request: 1009.280620 seconds.
  path: Assets/Scripts/Soldier
  artifactKey: Guid(a262bf7624d53954097e0917baa8f327) Importer(815301076,1909f56bfc062723c751e8b465ee728b)
Start importing Assets/Scripts/Soldier using Guid(a262bf7624d53954097e0917baa8f327) Importer(815301076,1909f56bfc062723c751e8b465ee728b)  -> (artifact id: '7342046890b1c8be1bce28666cd65349') in 0.015851 seconds
  Import took 0.311668 seconds .

========================================================================
Received Import Request.
  Time since last request: 41.965082 seconds.
  path: Assets/Scripts/Soldier/ThermalVision.cs
  artifactKey: Guid(a96bbc3a7c4edcd418e922509fdf2506) Importer(815301076,1909f56bfc062723c751e8b465ee728b)
Start importing Assets/Scripts/Soldier/ThermalVision.cs using Guid(a96bbc3a7c4edcd418e922509fdf2506) Importer(815301076,1909f56bfc062723c751e8b465ee728b)  -> (artifact id: 'c3204865fddfbe1a0ef6e506820a07f8') in 0.143775 seconds
  Import took 0.152784 seconds .

========================================================================
Received Prepare
Registering precompiled user dll's ...
Registered in 0.004807 seconds.
Begin MonoManager ReloadAssembly
Native extension for WindowsStandalone target not found
Refreshing native plugins compatible for Editor in 1.01 ms, found 1 plugins.
Preloading 0 native plugins for Editor in 0.00 ms.
Invoked RoslynAnalysisRunner static constructor.
RoslynAnalysisRunner will not be running.
RoslynAnalysisRunner has terminated.
Mono: successfully reloaded assembly
- Completed reload, in  1.284 seconds
Platform modules already initialized, skipping
Switching build target platform(5) subTarget(0) extendedPlatform(0) -> platform(13) subTarget(65536) extendedPlatform(0)
Refreshing native plugins compatible for Editor in 1.25 ms, found 1 plugins.
Preloading 0 native plugins for Editor in 0.00 ms.
Unloading 2742 Unused Serialized files (Serialized files now loaded: 0)
System memory in use before: 112.6 MB.
System memory in use after: 110.4 MB.

Unloading 22 unused Assets to reduce memory usage. Loaded Objects now: 3249.
Total: 4.785500 ms (FindLiveObjects: 0.666800 ms CreateObjectMapping: 0.272700 ms MarkObjects: 2.089600 ms  DeleteObjects: 1.754400 ms)

AssetImportParameters requested are different than current active one (requested -> active):
  custom:graphics/normal-map-encoding: 01000000000000000000000000000000 -> 02000000000000000000000000000000
========================================================================
Received Import Request.
  Time since last request: 296.843320 seconds.
  path: Assets/Scripts/Soldier/Laser.cs
  artifactKey: Guid(684a7e7c2818d3f4e80e53337b5fe9f7) Importer(815301076,1909f56bfc062723c751e8b465ee728b)
Start importing Assets/Scripts/Soldier/Laser.cs using Guid(684a7e7c2818d3f4e80e53337b5fe9f7) Importer(815301076,1909f56bfc062723c751e8b465ee728b)  -> (artifact id: '4f0b415b13d9e2dd9a7dfc75c78a8bd0') in 0.018359 seconds
  Import took 0.026839 seconds .

========================================================================
Received Import Request.
  Time since last request: 0.002100 seconds.
  path: Assets/Scripts/Soldier/Laser.cs
  artifactKey: Guid(684a7e7c2818d3f4e80e53337b5fe9f7) Importer(815301076,1909f56bfc062723c751e8b465ee728b)
Start importing Assets/Scripts/Soldier/Laser.cs using Guid(684a7e7c2818d3f4e80e53337b5fe9f7) Importer(815301076,1909f56bfc062723c751e8b465ee728b)  -> (artifact id: '4f0b415b13d9e2dd9a7dfc75c78a8bd0') in 0.002152 seconds
  Import took 0.010589 seconds .

========================================================================
Received Prepare
Registering precompiled user dll's ...
Registered in 0.002985 seconds.
Begin MonoManager ReloadAssembly
Native extension for WindowsStandalone target not found
Refreshing native plugins compatible for Editor in 1.30 ms, found 1 plugins.
Preloading 0 native plugins for Editor in 0.00 ms.
Invoked RoslynAnalysisRunner static constructor.
RoslynAnalysisRunner will not be running.
RoslynAnalysisRunner has terminated.
Mono: successfully reloaded assembly
- Completed reload, in  1.825 seconds
Platform modules already initialized, skipping
Switching build target platform(5) subTarget(0) extendedPlatform(0) -> platform(13) subTarget(65536) extendedPlatform(0)
Refreshing native plugins compatible for Editor in 1.45 ms, found 1 plugins.
Preloading 0 native plugins for Editor in 0.00 ms.
Unloading 2742 Unused Serialized files (Serialized files now loaded: 0)
System memory in use before: 112.6 MB.
System memory in use after: 110.4 MB.

Unloading 22 unused Assets to reduce memory usage. Loaded Objects now: 3252.
Total: 5.858900 ms (FindLiveObjects: 0.493500 ms CreateObjectMapping: 0.326000 ms MarkObjects: 2.841600 ms  DeleteObjects: 2.195900 ms)

AssetImportParameters requested are different than current active one (requested -> active):
  custom:graphics/normal-map-encoding: 01000000000000000000000000000000 -> 02000000000000000000000000000000
AssetImportWorkerClient::OnTransportError - code=2 error=End of file
